2017/06/04 17:55:52 [error] [exception.CException] exception 'CException' with message 'CMemCache requires PHP memcache extension to be loaded.' in /private/var/www/yii/framework/caching/CMemCache.php:116
Stack trace:
#0 /private/var/www/yii/framework/caching/CMemCache.php(89): CMemCache->getMemCache()
#1 /private/var/www/yii/framework/base/CModule.php(394): CMemCache->init()
#2 /private/var/www/yii/framework/web/CUrlManager.php(216): CModule->getComponent('cache')
#3 /private/var/www/yii/framework/web/CUrlManager.php(206): CUrlManager->processRules()
#4 /private/var/www/yii/framework/base/CModule.php(394): CUrlManager->init()
#5 /private/var/www/yii/framework/base/CApplication.php(531): CModule->getComponent('urlManager')
#6 /private/var/www/yii/framework/web/CWebApplication.php(140): CApplication->getUrlManager()
#7 /private/var/www/yii/framework/base/CApplication.php(185): CWebApplication->processRequest()
#8 /Users/krishnanaladi/Sites/laliga/index.php(17): CApplication->run()
#9 {main}
REQUEST_URI=/
---
2017/06/04 17:55:52 [error] [exception.CException] exception 'CException' with message 'CMemCache requires PHP memcache extension to be loaded.' in /private/var/www/yii/framework/caching/CMemCache.php:116
Stack trace:
#0 /private/var/www/yii/framework/caching/CMemCache.php(89): CMemCache->getMemCache()
#1 /private/var/www/yii/framework/base/CModule.php(394): CMemCache->init()
#2 /private/var/www/yii/framework/web/CUrlManager.php(216): CModule->getComponent('cache')
#3 /private/var/www/yii/framework/web/CUrlManager.php(206): CUrlManager->processRules()
#4 /private/var/www/yii/framework/base/CModule.php(394): CUrlManager->init()
#5 /private/var/www/yii/framework/base/CApplication.php(531): CModule->getComponent('urlManager')
#6 /private/var/www/yii/framework/web/CWebApplication.php(140): CApplication->getUrlManager()
#7 /private/var/www/yii/framework/base/CApplication.php(185): CWebApplication->processRequest()
#8 /Users/krishnanaladi/Sites/laliga/index.php(17): CApplication->run()
#9 {main}
REQUEST_URI=/
---
2017/06/04 17:55:53 [error] [exception.CException] exception 'CException' with message 'CMemCache requires PHP memcache extension to be loaded.' in /private/var/www/yii/framework/caching/CMemCache.php:116
Stack trace:
#0 /private/var/www/yii/framework/caching/CMemCache.php(89): CMemCache->getMemCache()
#1 /private/var/www/yii/framework/base/CModule.php(394): CMemCache->init()
#2 /private/var/www/yii/framework/web/CUrlManager.php(216): CModule->getComponent('cache')
#3 /private/var/www/yii/framework/web/CUrlManager.php(206): CUrlManager->processRules()
#4 /private/var/www/yii/framework/base/CModule.php(394): CUrlManager->init()
#5 /private/var/www/yii/framework/base/CApplication.php(531): CModule->getComponent('urlManager')
#6 /private/var/www/yii/framework/web/CWebApplication.php(140): CApplication->getUrlManager()
#7 /private/var/www/yii/framework/base/CApplication.php(185): CWebApplication->processRequest()
#8 /Users/krishnanaladi/Sites/laliga/index.php(17): CApplication->run()
#9 {main}
REQUEST_URI=/favicon.ico
HTTP_REFERER=http://kris.laliga.youtoo.dev/
---
2017/06/04 17:55:53 [error] [exception.CException] exception 'CException' with message 'CMemCache requires PHP memcache extension to be loaded.' in /private/var/www/yii/framework/caching/CMemCache.php:116
Stack trace:
#0 /private/var/www/yii/framework/caching/CMemCache.php(89): CMemCache->getMemCache()
#1 /private/var/www/yii/framework/base/CModule.php(394): CMemCache->init()
#2 /private/var/www/yii/framework/web/CUrlManager.php(216): CModule->getComponent('cache')
#3 /private/var/www/yii/framework/web/CUrlManager.php(206): CUrlManager->processRules()
#4 /private/var/www/yii/framework/base/CModule.php(394): CUrlManager->init()
#5 /private/var/www/yii/framework/base/CApplication.php(531): CModule->getComponent('urlManager')
#6 /private/var/www/yii/framework/web/CWebApplication.php(140): CApplication->getUrlManager()
#7 /private/var/www/yii/framework/base/CApplication.php(185): CWebApplication->processRequest()
#8 /Users/krishnanaladi/Sites/laliga/index.php(17): CApplication->run()
#9 {main}
REQUEST_URI=/favicon.ico
HTTP_REFERER=http://kris.laliga.youtoo.dev/
---
2017/06/04 17:58:11 [error] [exception.CDbException] SQLSTATE[HY000] [2002] php_network_getaddresses: getaddrinfo failed: nodename nor servname provided, or not known
2017/06/04 17:58:11 [error] [exception.CDbException] exception 'CDbException' with message 'CDbConnection failed to open the DB connection.' in /private/var/www/yii/framework/db/CDbConnection.php:405
Stack trace:
#0 /private/var/www/yii/framework/db/CDbConnection.php(347): CDbConnection->open()
#1 /private/var/www/yii/framework/db/CDbConnection.php(325): CDbConnection->setActive(true)
#2 /private/var/www/yii/framework/base/CModule.php(394): CDbConnection->init()
#3 /private/var/www/yii/framework/base/CApplication.php(459): CModule->getComponent('db')
#4 /private/var/www/yii/framework/db/ar/CActiveRecord.php(639): CApplication->getDb()
#5 /private/var/www/yii/framework/db/ar/CActiveRecord.php(2389): CActiveRecord->getDbConnection()
#6 /private/var/www/yii/framework/db/ar/CActiveRecord.php(413): CActiveRecordMetaData->__construct(Object(eGameChoice))
#7 /private/var/www/yii/framework/db/ar/CActiveRecord.php(214): CActiveRecord->getMetaData()
#8 /Users/krishnanaladi/Sites/laliga/core/protected/models/eGameChoice.php(50): CActiveRecord->__call('isActive', Array)
#9 /Users/krishnanaladi/Sites/laliga/core/protected/models/eGameChoice.php(50): eGameChoice->isActive()
#10 /Users/krishnanaladi/Sites/laliga/protected/controllers/clientSiteController.php(55): eGameChoice::getNumberOfActiveGames()
#11 [internal function]: clientSiteController->actionIndex(NULL)
#12 /private/var/www/yii/framework/web/actions/CAction.php(109): ReflectionMethod->invokeArgs(Object(clientSiteController), Array)
#13 /private/var/www/yii/framework/web/actions/CInlineAction.php(47): CAction->runWithParamsInternal(Object(clientSiteController), Object(ReflectionMethod), Array)
#14 /private/var/www/yii/framework/web/CController.php(308): CInlineAction->runWithParams(Array)
#15 /private/var/www/yii/framework/web/filters/CFilterChain.php(134): CController->runAction(Object(CInlineAction))
#16 /private/var/www/yii/framework/web/filters/CFilter.php(40): CFilterChain->run()
#17 /private/var/www/yii/framework/web/CController.php(1148): CFilter->filter(Object(CFilterChain))
#18 /private/var/www/yii/framework/web/filters/CInlineFilter.php(58): CController->filterAccessControl(Object(CFilterChain))
#19 /private/var/www/yii/framework/web/filters/CFilterChain.php(131): CInlineFilter->filter(Object(CFilterChain))
#20 /private/var/www/yii/framework/web/CController.php(291): CFilterChain->run()
#21 /private/var/www/yii/framework/web/CController.php(265): CController->runActionWithFilters(Object(CInlineAction), Array)
#22 /private/var/www/yii/framework/web/CWebApplication.php(282): CController->run('index')
#23 /private/var/www/yii/framework/web/CWebApplication.php(141): CWebApplication->runController('site/index')
#24 /private/var/www/yii/framework/base/CApplication.php(185): CWebApplication->processRequest()
#25 /Users/krishnanaladi/Sites/laliga/index.php(17): CApplication->run()
#26 {main}
REQUEST_URI=/
---
2017/06/04 17:58:11 [error] [exception.CDbException] SQLSTATE[HY000] [2002] php_network_getaddresses: getaddrinfo failed: nodename nor servname provided, or not known
2017/06/04 17:58:11 [error] [exception.CDbException] exception 'CDbException' with message 'CDbConnection failed to open the DB connection.' in /private/var/www/yii/framework/db/CDbConnection.php:405
Stack trace:
#0 /private/var/www/yii/framework/db/CDbConnection.php(347): CDbConnection->open()
#1 /private/var/www/yii/framework/db/CDbConnection.php(325): CDbConnection->setActive(true)
#2 /private/var/www/yii/framework/base/CModule.php(394): CDbConnection->init()
#3 /private/var/www/yii/framework/base/CApplication.php(459): CModule->getComponent('db')
#4 /private/var/www/yii/framework/db/ar/CActiveRecord.php(639): CApplication->getDb()
#5 /private/var/www/yii/framework/db/ar/CActiveRecord.php(2389): CActiveRecord->getDbConnection()
#6 /private/var/www/yii/framework/db/ar/CActiveRecord.php(413): CActiveRecordMetaData->__construct(Object(eGameChoice))
#7 /private/var/www/yii/framework/db/ar/CActiveRecord.php(214): CActiveRecord->getMetaData()
#8 /Users/krishnanaladi/Sites/laliga/core/protected/models/eGameChoice.php(50): CActiveRecord->__call('isActive', Array)
#9 /Users/krishnanaladi/Sites/laliga/core/protected/models/eGameChoice.php(50): eGameChoice->isActive()
#10 /Users/krishnanaladi/Sites/laliga/protected/controllers/clientSiteController.php(55): eGameChoice::getNumberOfActiveGames()
#11 [internal function]: clientSiteController->actionIndex(NULL)
#12 /private/var/www/yii/framework/web/actions/CAction.php(109): ReflectionMethod->invokeArgs(Object(clientSiteController), Array)
#13 /private/var/www/yii/framework/web/actions/CInlineAction.php(47): CAction->runWithParamsInternal(Object(clientSiteController), Object(ReflectionMethod), Array)
#14 /private/var/www/yii/framework/web/CController.php(308): CInlineAction->runWithParams(Array)
#15 /private/var/www/yii/framework/web/filters/CFilterChain.php(134): CController->runAction(Object(CInlineAction))
#16 /private/var/www/yii/framework/web/filters/CFilter.php(40): CFilterChain->run()
#17 /private/var/www/yii/framework/web/CController.php(1148): CFilter->filter(Object(CFilterChain))
#18 /private/var/www/yii/framework/web/filters/CInlineFilter.php(58): CController->filterAccessControl(Object(CFilterChain))
#19 /private/var/www/yii/framework/web/filters/CFilterChain.php(131): CInlineFilter->filter(Object(CFilterChain))
#20 /private/var/www/yii/framework/web/CController.php(291): CFilterChain->run()
#21 /private/var/www/yii/framework/web/CController.php(265): CController->runActionWithFilters(Object(CInlineAction), Array)
#22 /private/var/www/yii/framework/web/CWebApplication.php(282): CController->run('index')
#23 /private/var/www/yii/framework/web/CWebApplication.php(141): CWebApplication->runController('site/index')
#24 /private/var/www/yii/framework/base/CApplication.php(185): CWebApplication->processRequest()
#25 /Users/krishnanaladi/Sites/laliga/index.php(17): CApplication->run()
#26 {main}
REQUEST_URI=/
---
2017/06/05 02:21:15 [error] [exception.CDbException] SQLSTATE[HY000] [2002] php_network_getaddresses: getaddrinfo failed: nodename nor servname provided, or not known
2017/06/05 02:21:15 [error] [exception.CDbException] exception 'CDbException' with message 'CDbConnection failed to open the DB connection.' in /private/var/www/yii/framework/db/CDbConnection.php:405
Stack trace:
#0 /private/var/www/yii/framework/db/CDbConnection.php(347): CDbConnection->open()
#1 /private/var/www/yii/framework/db/CDbConnection.php(325): CDbConnection->setActive(true)
#2 /private/var/www/yii/framework/base/CModule.php(394): CDbConnection->init()
#3 /private/var/www/yii/framework/base/CApplication.php(459): CModule->getComponent('db')
#4 /private/var/www/yii/framework/db/ar/CActiveRecord.php(639): CApplication->getDb()
#5 /private/var/www/yii/framework/db/ar/CActiveRecord.php(2389): CActiveRecord->getDbConnection()
#6 /private/var/www/yii/framework/db/ar/CActiveRecord.php(413): CActiveRecordMetaData->__construct(Object(eGameChoice))
#7 /private/var/www/yii/framework/db/ar/CActiveRecord.php(214): CActiveRecord->getMetaData()
#8 /Users/krishnanaladi/Sites/laliga/core/protected/models/eGameChoice.php(50): CActiveRecord->__call('isActive', Array)
#9 /Users/krishnanaladi/Sites/laliga/core/protected/models/eGameChoice.php(50): eGameChoice->isActive()
#10 /Users/krishnanaladi/Sites/laliga/protected/controllers/clientSiteController.php(55): eGameChoice::getNumberOfActiveGames()
#11 [internal function]: clientSiteController->actionIndex(NULL)
#12 /private/var/www/yii/framework/web/actions/CAction.php(109): ReflectionMethod->invokeArgs(Object(clientSiteController), Array)
#13 /private/var/www/yii/framework/web/actions/CInlineAction.php(47): CAction->runWithParamsInternal(Object(clientSiteController), Object(ReflectionMethod), Array)
#14 /private/var/www/yii/framework/web/CController.php(308): CInlineAction->runWithParams(Array)
#15 /private/var/www/yii/framework/web/filters/CFilterChain.php(134): CController->runAction(Object(CInlineAction))
#16 /private/var/www/yii/framework/web/filters/CFilter.php(40): CFilterChain->run()
#17 /private/var/www/yii/framework/web/CController.php(1148): CFilter->filter(Object(CFilterChain))
#18 /private/var/www/yii/framework/web/filters/CInlineFilter.php(58): CController->filterAccessControl(Object(CFilterChain))
#19 /private/var/www/yii/framework/web/filters/CFilterChain.php(131): CInlineFilter->filter(Object(CFilterChain))
#20 /private/var/www/yii/framework/web/CController.php(291): CFilterChain->run()
#21 /private/var/www/yii/framework/web/CController.php(265): CController->runActionWithFilters(Object(CInlineAction), Array)
#22 /private/var/www/yii/framework/web/CWebApplication.php(282): CController->run('index')
#23 /private/var/www/yii/framework/web/CWebApplication.php(141): CWebApplication->runController('site/index')
#24 /private/var/www/yii/framework/base/CApplication.php(185): CWebApplication->processRequest()
#25 /Users/krishnanaladi/Sites/laliga/index.php(17): CApplication->run()
#26 {main}
REQUEST_URI=/
---
2017/06/05 02:21:15 [error] [exception.CDbException] SQLSTATE[HY000] [2002] php_network_getaddresses: getaddrinfo failed: nodename nor servname provided, or not known
2017/06/05 02:21:15 [error] [exception.CDbException] exception 'CDbException' with message 'CDbConnection failed to open the DB connection.' in /private/var/www/yii/framework/db/CDbConnection.php:405
Stack trace:
#0 /private/var/www/yii/framework/db/CDbConnection.php(347): CDbConnection->open()
#1 /private/var/www/yii/framework/db/CDbConnection.php(325): CDbConnection->setActive(true)
#2 /private/var/www/yii/framework/base/CModule.php(394): CDbConnection->init()
#3 /private/var/www/yii/framework/base/CApplication.php(459): CModule->getComponent('db')
#4 /private/var/www/yii/framework/db/ar/CActiveRecord.php(639): CApplication->getDb()
#5 /private/var/www/yii/framework/db/ar/CActiveRecord.php(2389): CActiveRecord->getDbConnection()
#6 /private/var/www/yii/framework/db/ar/CActiveRecord.php(413): CActiveRecordMetaData->__construct(Object(eGameChoice))
#7 /private/var/www/yii/framework/db/ar/CActiveRecord.php(214): CActiveRecord->getMetaData()
#8 /Users/krishnanaladi/Sites/laliga/core/protected/models/eGameChoice.php(50): CActiveRecord->__call('isActive', Array)
#9 /Users/krishnanaladi/Sites/laliga/core/protected/models/eGameChoice.php(50): eGameChoice->isActive()
#10 /Users/krishnanaladi/Sites/laliga/protected/controllers/clientSiteController.php(55): eGameChoice::getNumberOfActiveGames()
#11 [internal function]: clientSiteController->actionIndex(NULL)
#12 /private/var/www/yii/framework/web/actions/CAction.php(109): ReflectionMethod->invokeArgs(Object(clientSiteController), Array)
#13 /private/var/www/yii/framework/web/actions/CInlineAction.php(47): CAction->runWithParamsInternal(Object(clientSiteController), Object(ReflectionMethod), Array)
#14 /private/var/www/yii/framework/web/CController.php(308): CInlineAction->runWithParams(Array)
#15 /private/var/www/yii/framework/web/filters/CFilterChain.php(134): CController->runAction(Object(CInlineAction))
#16 /private/var/www/yii/framework/web/filters/CFilter.php(40): CFilterChain->run()
#17 /private/var/www/yii/framework/web/CController.php(1148): CFilter->filter(Object(CFilterChain))
#18 /private/var/www/yii/framework/web/filters/CInlineFilter.php(58): CController->filterAccessControl(Object(CFilterChain))
#19 /private/var/www/yii/framework/web/filters/CFilterChain.php(131): CInlineFilter->filter(Object(CFilterChain))
#20 /private/var/www/yii/framework/web/CController.php(291): CFilterChain->run()
#21 /private/var/www/yii/framework/web/CController.php(265): CController->runActionWithFilters(Object(CInlineAction), Array)
#22 /private/var/www/yii/framework/web/CWebApplication.php(282): CController->run('index')
#23 /private/var/www/yii/framework/web/CWebApplication.php(141): CWebApplication->runController('site/index')
#24 /private/var/www/yii/framework/base/CApplication.php(185): CWebApplication->processRequest()
#25 /Users/krishnanaladi/Sites/laliga/index.php(17): CApplication->run()
#26 {main}
REQUEST_URI=/
---
2017/06/05 02:23:43 [error] [exception.CDbException] SQLSTATE[HY000] [2002] php_network_getaddresses: getaddrinfo failed: nodename nor servname provided, or not known
2017/06/05 02:23:43 [error] [exception.CDbException] exception 'CDbException' with message 'CDbConnection failed to open the DB connection.' in /private/var/www/yii/framework/db/CDbConnection.php:405
Stack trace:
#0 /private/var/www/yii/framework/db/CDbConnection.php(347): CDbConnection->open()
#1 /private/var/www/yii/framework/db/CDbConnection.php(325): CDbConnection->setActive(true)
#2 /private/var/www/yii/framework/base/CModule.php(394): CDbConnection->init()
#3 /private/var/www/yii/framework/base/CApplication.php(459): CModule->getComponent('db')
#4 /private/var/www/yii/framework/db/ar/CActiveRecord.php(639): CApplication->getDb()
#5 /private/var/www/yii/framework/db/ar/CActiveRecord.php(2389): CActiveRecord->getDbConnection()
#6 /private/var/www/yii/framework/db/ar/CActiveRecord.php(413): CActiveRecordMetaData->__construct(Object(eGameChoice))
#7 /private/var/www/yii/framework/db/ar/CActiveRecord.php(214): CActiveRecord->getMetaData()
#8 /Users/krishnanaladi/Sites/laliga/core/protected/models/eGameChoice.php(50): CActiveRecord->__call('isActive', Array)
#9 /Users/krishnanaladi/Sites/laliga/core/protected/models/eGameChoice.php(50): eGameChoice->isActive()
#10 /Users/krishnanaladi/Sites/laliga/protected/controllers/clientSiteController.php(55): eGameChoice::getNumberOfActiveGames()
#11 [internal function]: clientSiteController->actionIndex(NULL)
#12 /private/var/www/yii/framework/web/actions/CAction.php(109): ReflectionMethod->invokeArgs(Object(clientSiteController), Array)
#13 /private/var/www/yii/framework/web/actions/CInlineAction.php(47): CAction->runWithParamsInternal(Object(clientSiteController), Object(ReflectionMethod), Array)
#14 /private/var/www/yii/framework/web/CController.php(308): CInlineAction->runWithParams(Array)
#15 /private/var/www/yii/framework/web/filters/CFilterChain.php(134): CController->runAction(Object(CInlineAction))
#16 /private/var/www/yii/framework/web/filters/CFilter.php(40): CFilterChain->run()
#17 /private/var/www/yii/framework/web/CController.php(1148): CFilter->filter(Object(CFilterChain))
#18 /private/var/www/yii/framework/web/filters/CInlineFilter.php(58): CController->filterAccessControl(Object(CFilterChain))
#19 /private/var/www/yii/framework/web/filters/CFilterChain.php(131): CInlineFilter->filter(Object(CFilterChain))
#20 /private/var/www/yii/framework/web/CController.php(291): CFilterChain->run()
#21 /private/var/www/yii/framework/web/CController.php(265): CController->runActionWithFilters(Object(CInlineAction), Array)
#22 /private/var/www/yii/framework/web/CWebApplication.php(282): CController->run('index')
#23 /private/var/www/yii/framework/web/CWebApplication.php(141): CWebApplication->runController('site/index')
#24 /private/var/www/yii/framework/base/CApplication.php(185): CWebApplication->processRequest()
#25 /Users/krishnanaladi/Sites/laliga/index.php(17): CApplication->run()
#26 {main}
REQUEST_URI=/
---
2017/06/05 02:23:43 [error] [exception.CDbException] SQLSTATE[HY000] [2002] php_network_getaddresses: getaddrinfo failed: nodename nor servname provided, or not known
2017/06/05 02:23:43 [error] [exception.CDbException] exception 'CDbException' with message 'CDbConnection failed to open the DB connection.' in /private/var/www/yii/framework/db/CDbConnection.php:405
Stack trace:
#0 /private/var/www/yii/framework/db/CDbConnection.php(347): CDbConnection->open()
#1 /private/var/www/yii/framework/db/CDbConnection.php(325): CDbConnection->setActive(true)
#2 /private/var/www/yii/framework/base/CModule.php(394): CDbConnection->init()
#3 /private/var/www/yii/framework/base/CApplication.php(459): CModule->getComponent('db')
#4 /private/var/www/yii/framework/db/ar/CActiveRecord.php(639): CApplication->getDb()
#5 /private/var/www/yii/framework/db/ar/CActiveRecord.php(2389): CActiveRecord->getDbConnection()
#6 /private/var/www/yii/framework/db/ar/CActiveRecord.php(413): CActiveRecordMetaData->__construct(Object(eGameChoice))
#7 /private/var/www/yii/framework/db/ar/CActiveRecord.php(214): CActiveRecord->getMetaData()
#8 /Users/krishnanaladi/Sites/laliga/core/protected/models/eGameChoice.php(50): CActiveRecord->__call('isActive', Array)
#9 /Users/krishnanaladi/Sites/laliga/core/protected/models/eGameChoice.php(50): eGameChoice->isActive()
#10 /Users/krishnanaladi/Sites/laliga/protected/controllers/clientSiteController.php(55): eGameChoice::getNumberOfActiveGames()
#11 [internal function]: clientSiteController->actionIndex(NULL)
#12 /private/var/www/yii/framework/web/actions/CAction.php(109): ReflectionMethod->invokeArgs(Object(clientSiteController), Array)
#13 /private/var/www/yii/framework/web/actions/CInlineAction.php(47): CAction->runWithParamsInternal(Object(clientSiteController), Object(ReflectionMethod), Array)
#14 /private/var/www/yii/framework/web/CController.php(308): CInlineAction->runWithParams(Array)
#15 /private/var/www/yii/framework/web/filters/CFilterChain.php(134): CController->runAction(Object(CInlineAction))
#16 /private/var/www/yii/framework/web/filters/CFilter.php(40): CFilterChain->run()
#17 /private/var/www/yii/framework/web/CController.php(1148): CFilter->filter(Object(CFilterChain))
#18 /private/var/www/yii/framework/web/filters/CInlineFilter.php(58): CController->filterAccessControl(Object(CFilterChain))
#19 /private/var/www/yii/framework/web/filters/CFilterChain.php(131): CInlineFilter->filter(Object(CFilterChain))
#20 /private/var/www/yii/framework/web/CController.php(291): CFilterChain->run()
#21 /private/var/www/yii/framework/web/CController.php(265): CController->runActionWithFilters(Object(CInlineAction), Array)
#22 /private/var/www/yii/framework/web/CWebApplication.php(282): CController->run('index')
#23 /private/var/www/yii/framework/web/CWebApplication.php(141): CWebApplication->runController('site/index')
#24 /private/var/www/yii/framework/base/CApplication.php(185): CWebApplication->processRequest()
#25 /Users/krishnanaladi/Sites/laliga/index.php(17): CApplication->run()
#26 {main}
REQUEST_URI=/
---
2017/06/05 02:23:54 [error] [exception.CDbException] SQLSTATE[HY000] [2002] php_network_getaddresses: getaddrinfo failed: nodename nor servname provided, or not known
2017/06/05 02:23:54 [error] [exception.CDbException] exception 'CDbException' with message 'CDbConnection failed to open the DB connection.' in /private/var/www/yii/framework/db/CDbConnection.php:405
Stack trace:
#0 /private/var/www/yii/framework/db/CDbConnection.php(347): CDbConnection->open()
#1 /private/var/www/yii/framework/db/CDbConnection.php(325): CDbConnection->setActive(true)
#2 /private/var/www/yii/framework/base/CModule.php(394): CDbConnection->init()
#3 /private/var/www/yii/framework/base/CApplication.php(459): CModule->getComponent('db')
#4 /private/var/www/yii/framework/db/ar/CActiveRecord.php(639): CApplication->getDb()
#5 /private/var/www/yii/framework/db/ar/CActiveRecord.php(2389): CActiveRecord->getDbConnection()
#6 /private/var/www/yii/framework/db/ar/CActiveRecord.php(413): CActiveRecordMetaData->__construct(Object(eGameChoice))
#7 /private/var/www/yii/framework/db/ar/CActiveRecord.php(214): CActiveRecord->getMetaData()
#8 /Users/krishnanaladi/Sites/laliga/core/protected/models/eGameChoice.php(50): CActiveRecord->__call('isActive', Array)
#9 /Users/krishnanaladi/Sites/laliga/core/protected/models/eGameChoice.php(50): eGameChoice->isActive()
#10 /Users/krishnanaladi/Sites/laliga/protected/controllers/clientSiteController.php(55): eGameChoice::getNumberOfActiveGames()
#11 [internal function]: clientSiteController->actionIndex(NULL)
#12 /private/var/www/yii/framework/web/actions/CAction.php(109): ReflectionMethod->invokeArgs(Object(clientSiteController), Array)
#13 /private/var/www/yii/framework/web/actions/CInlineAction.php(47): CAction->runWithParamsInternal(Object(clientSiteController), Object(ReflectionMethod), Array)
#14 /private/var/www/yii/framework/web/CController.php(308): CInlineAction->runWithParams(Array)
#15 /private/var/www/yii/framework/web/filters/CFilterChain.php(134): CController->runAction(Object(CInlineAction))
#16 /private/var/www/yii/framework/web/filters/CFilter.php(40): CFilterChain->run()
#17 /private/var/www/yii/framework/web/CController.php(1148): CFilter->filter(Object(CFilterChain))
#18 /private/var/www/yii/framework/web/filters/CInlineFilter.php(58): CController->filterAccessControl(Object(CFilterChain))
#19 /private/var/www/yii/framework/web/filters/CFilterChain.php(131): CInlineFilter->filter(Object(CFilterChain))
#20 /private/var/www/yii/framework/web/CController.php(291): CFilterChain->run()
#21 /private/var/www/yii/framework/web/CController.php(265): CController->runActionWithFilters(Object(CInlineAction), Array)
#22 /private/var/www/yii/framework/web/CWebApplication.php(282): CController->run('index')
#23 /private/var/www/yii/framework/web/CWebApplication.php(141): CWebApplication->runController('site/index')
#24 /private/var/www/yii/framework/base/CApplication.php(185): CWebApplication->processRequest()
#25 /Users/krishnanaladi/Sites/laliga/index.php(17): CApplication->run()
#26 {main}
REQUEST_URI=/
---
2017/06/05 02:23:54 [error] [exception.CDbException] SQLSTATE[HY000] [2002] php_network_getaddresses: getaddrinfo failed: nodename nor servname provided, or not known
2017/06/05 02:23:54 [error] [exception.CDbException] exception 'CDbException' with message 'CDbConnection failed to open the DB connection.' in /private/var/www/yii/framework/db/CDbConnection.php:405
Stack trace:
#0 /private/var/www/yii/framework/db/CDbConnection.php(347): CDbConnection->open()
#1 /private/var/www/yii/framework/db/CDbConnection.php(325): CDbConnection->setActive(true)
#2 /private/var/www/yii/framework/base/CModule.php(394): CDbConnection->init()
#3 /private/var/www/yii/framework/base/CApplication.php(459): CModule->getComponent('db')
#4 /private/var/www/yii/framework/db/ar/CActiveRecord.php(639): CApplication->getDb()
#5 /private/var/www/yii/framework/db/ar/CActiveRecord.php(2389): CActiveRecord->getDbConnection()
#6 /private/var/www/yii/framework/db/ar/CActiveRecord.php(413): CActiveRecordMetaData->__construct(Object(eGameChoice))
#7 /private/var/www/yii/framework/db/ar/CActiveRecord.php(214): CActiveRecord->getMetaData()
#8 /Users/krishnanaladi/Sites/laliga/core/protected/models/eGameChoice.php(50): CActiveRecord->__call('isActive', Array)
#9 /Users/krishnanaladi/Sites/laliga/core/protected/models/eGameChoice.php(50): eGameChoice->isActive()
#10 /Users/krishnanaladi/Sites/laliga/protected/controllers/clientSiteController.php(55): eGameChoice::getNumberOfActiveGames()
#11 [internal function]: clientSiteController->actionIndex(NULL)
#12 /private/var/www/yii/framework/web/actions/CAction.php(109): ReflectionMethod->invokeArgs(Object(clientSiteController), Array)
#13 /private/var/www/yii/framework/web/actions/CInlineAction.php(47): CAction->runWithParamsInternal(Object(clientSiteController), Object(ReflectionMethod), Array)
#14 /private/var/www/yii/framework/web/CController.php(308): CInlineAction->runWithParams(Array)
#15 /private/var/www/yii/framework/web/filters/CFilterChain.php(134): CController->runAction(Object(CInlineAction))
#16 /private/var/www/yii/framework/web/filters/CFilter.php(40): CFilterChain->run()
#17 /private/var/www/yii/framework/web/CController.php(1148): CFilter->filter(Object(CFilterChain))
#18 /private/var/www/yii/framework/web/filters/CInlineFilter.php(58): CController->filterAccessControl(Object(CFilterChain))
#19 /private/var/www/yii/framework/web/filters/CFilterChain.php(131): CInlineFilter->filter(Object(CFilterChain))
#20 /private/var/www/yii/framework/web/CController.php(291): CFilterChain->run()
#21 /private/var/www/yii/framework/web/CController.php(265): CController->runActionWithFilters(Object(CInlineAction), Array)
#22 /private/var/www/yii/framework/web/CWebApplication.php(282): CController->run('index')
#23 /private/var/www/yii/framework/web/CWebApplication.php(141): CWebApplication->runController('site/index')
#24 /private/var/www/yii/framework/base/CApplication.php(185): CWebApplication->processRequest()
#25 /Users/krishnanaladi/Sites/laliga/index.php(17): CApplication->run()
#26 {main}
REQUEST_URI=/
---
2017/06/05 02:25:08 [error] [exception.CHttpException.404] exception 'CHttpException' with message 'Unable to resolve the request "userimages/prize_561bc938099052.37206496.png".' in /private/var/www/yii/framework/web/CWebApplication.php:286
Stack trace:
#0 /private/var/www/yii/framework/web/CWebApplication.php(141): CWebApplication->runController('userimages/priz...')
#1 /private/var/www/yii/framework/base/CApplication.php(185): CWebApplication->processRequest()
#2 /Users/krishnanaladi/Sites/laliga/index.php(17): CApplication->run()
#3 {main}
REQUEST_URI=/userimages/prize_561bc938099052.37206496.png
HTTP_REFERER=http://kris.laliga.youtoo.dev/redeem
---
2017/06/05 02:25:08 [error] [exception.CHttpException.404] exception 'CHttpException' with message 'Unable to resolve the request "userimages/prize_561bc938099052.37206496.png".' in /private/var/www/yii/framework/web/CWebApplication.php:286
Stack trace:
#0 /private/var/www/yii/framework/web/CWebApplication.php(141): CWebApplication->runController('userimages/priz...')
#1 /private/var/www/yii/framework/base/CApplication.php(185): CWebApplication->processRequest()
#2 /Users/krishnanaladi/Sites/laliga/index.php(17): CApplication->run()
#3 {main}
REQUEST_URI=/userimages/prize_561bc938099052.37206496.png
HTTP_REFERER=http://kris.laliga.youtoo.dev/redeem
---
2017/06/05 02:25:08 [error] [exception.CHttpException.404] exception 'CHttpException' with message 'Unable to resolve the request "userimages/prize_561bc92c27eb92.71392546.png".' in /private/var/www/yii/framework/web/CWebApplication.php:286
Stack trace:
#0 /private/var/www/yii/framework/web/CWebApplication.php(141): CWebApplication->runController('userimages/priz...')
#1 /private/var/www/yii/framework/base/CApplication.php(185): CWebApplication->processRequest()
#2 /Users/krishnanaladi/Sites/laliga/index.php(17): CApplication->run()
#3 {main}
REQUEST_URI=/userimages/prize_561bc92c27eb92.71392546.png
HTTP_REFERER=http://kris.laliga.youtoo.dev/redeem
---
2017/06/05 02:25:08 [error] [exception.CHttpException.404] exception 'CHttpException' with message 'Unable to resolve the request "userimages/prize_561bc92c27eb92.71392546.png".' in /private/var/www/yii/framework/web/CWebApplication.php:286
Stack trace:
#0 /private/var/www/yii/framework/web/CWebApplication.php(141): CWebApplication->runController('userimages/priz...')
#1 /private/var/www/yii/framework/base/CApplication.php(185): CWebApplication->processRequest()
#2 /Users/krishnanaladi/Sites/laliga/index.php(17): CApplication->run()
#3 {main}
REQUEST_URI=/userimages/prize_561bc92c27eb92.71392546.png
HTTP_REFERER=http://kris.laliga.youtoo.dev/redeem
---
2017/06/05 02:25:08 [error] [exception.CHttpException.404] exception 'CHttpException' with message 'Unable to resolve the request "userimages/prize_561bc9229748a6.90037141.png".' in /private/var/www/yii/framework/web/CWebApplication.php:286
Stack trace:
#0 /private/var/www/yii/framework/web/CWebApplication.php(141): CWebApplication->runController('userimages/priz...')
#1 /private/var/www/yii/framework/base/CApplication.php(185): CWebApplication->processRequest()
#2 /Users/krishnanaladi/Sites/laliga/index.php(17): CApplication->run()
#3 {main}
REQUEST_URI=/userimages/prize_561bc9229748a6.90037141.png
HTTP_REFERER=http://kris.laliga.youtoo.dev/redeem
---
2017/06/05 02:25:08 [error] [exception.CHttpException.404] exception 'CHttpException' with message 'Unable to resolve the request "userimages/prize_561bc9229748a6.90037141.png".' in /private/var/www/yii/framework/web/CWebApplication.php:286
Stack trace:
#0 /private/var/www/yii/framework/web/CWebApplication.php(141): CWebApplication->runController('userimages/priz...')
#1 /private/var/www/yii/framework/base/CApplication.php(185): CWebApplication->processRequest()
#2 /Users/krishnanaladi/Sites/laliga/index.php(17): CApplication->run()
#3 {main}
REQUEST_URI=/userimages/prize_561bc9229748a6.90037141.png
HTTP_REFERER=http://kris.laliga.youtoo.dev/redeem
---
2017/06/05 02:25:08 [error] [exception.CHttpException.404] exception 'CHttpException' with message 'Unable to resolve the request "userimages/prize_561bc9078a1591.86162616.png".' in /private/var/www/yii/framework/web/CWebApplication.php:286
Stack trace:
#0 /private/var/www/yii/framework/web/CWebApplication.php(141): CWebApplication->runController('userimages/priz...')
#1 /private/var/www/yii/framework/base/CApplication.php(185): CWebApplication->processRequest()
#2 /Users/krishnanaladi/Sites/laliga/index.php(17): CApplication->run()
#3 {main}
REQUEST_URI=/userimages/prize_561bc9078a1591.86162616.png
HTTP_REFERER=http://kris.laliga.youtoo.dev/redeem
---
2017/06/05 02:25:08 [error] [exception.CHttpException.404] exception 'CHttpException' with message 'Unable to resolve the request "userimages/prize_561bc9078a1591.86162616.png".' in /private/var/www/yii/framework/web/CWebApplication.php:286
Stack trace:
#0 /private/var/www/yii/framework/web/CWebApplication.php(141): CWebApplication->runController('userimages/priz...')
#1 /private/var/www/yii/framework/base/CApplication.php(185): CWebApplication->processRequest()
#2 /Users/krishnanaladi/Sites/laliga/index.php(17): CApplication->run()
#3 {main}
REQUEST_URI=/userimages/prize_561bc9078a1591.86162616.png
HTTP_REFERER=http://kris.laliga.youtoo.dev/redeem
---
2017/06/05 02:25:08 [error] [exception.CHttpException.404] exception 'CHttpException' with message 'Unable to resolve the request "userimages/prize_561bc8f9235637.09420332.png".' in /private/var/www/yii/framework/web/CWebApplication.php:286
Stack trace:
#0 /private/var/www/yii/framework/web/CWebApplication.php(141): CWebApplication->runController('userimages/priz...')
#1 /private/var/www/yii/framework/base/CApplication.php(185): CWebApplication->processRequest()
#2 /Users/krishnanaladi/Sites/laliga/index.php(17): CApplication->run()
#3 {main}
REQUEST_URI=/userimages/prize_561bc8f9235637.09420332.png
HTTP_REFERER=http://kris.laliga.youtoo.dev/redeem
---
2017/06/05 02:25:08 [error] [exception.CHttpException.404] exception 'CHttpException' with message 'Unable to resolve the request "userimages/prize_561bc8f9235637.09420332.png".' in /private/var/www/yii/framework/web/CWebApplication.php:286
Stack trace:
#0 /private/var/www/yii/framework/web/CWebApplication.php(141): CWebApplication->runController('userimages/priz...')
#1 /private/var/www/yii/framework/base/CApplication.php(185): CWebApplication->processRequest()
#2 /Users/krishnanaladi/Sites/laliga/index.php(17): CApplication->run()
#3 {main}
REQUEST_URI=/userimages/prize_561bc8f9235637.09420332.png
HTTP_REFERER=http://kris.laliga.youtoo.dev/redeem
---
2017/06/05 02:25:08 [error] [exception.CHttpException.404] exception 'CHttpException' with message 'Unable to resolve the request "userimages/prize_561bc8ef080218.83172702.png".' in /private/var/www/yii/framework/web/CWebApplication.php:286
Stack trace:
#0 /private/var/www/yii/framework/web/CWebApplication.php(141): CWebApplication->runController('userimages/priz...')
#1 /private/var/www/yii/framework/base/CApplication.php(185): CWebApplication->processRequest()
#2 /Users/krishnanaladi/Sites/laliga/index.php(17): CApplication->run()
#3 {main}
REQUEST_URI=/userimages/prize_561bc8ef080218.83172702.png
HTTP_REFERER=http://kris.laliga.youtoo.dev/redeem
---
2017/06/05 02:25:08 [error] [exception.CHttpException.404] exception 'CHttpException' with message 'Unable to resolve the request "userimages/prize_561bc8ef080218.83172702.png".' in /private/var/www/yii/framework/web/CWebApplication.php:286
Stack trace:
#0 /private/var/www/yii/framework/web/CWebApplication.php(141): CWebApplication->runController('userimages/priz...')
#1 /private/var/www/yii/framework/base/CApplication.php(185): CWebApplication->processRequest()
#2 /Users/krishnanaladi/Sites/laliga/index.php(17): CApplication->run()
#3 {main}
REQUEST_URI=/userimages/prize_561bc8ef080218.83172702.png
HTTP_REFERER=http://kris.laliga.youtoo.dev/redeem
---
2017/06/05 02:25:08 [error] [exception.CHttpException.404] exception 'CHttpException' with message 'Unable to resolve the request "userimages/prize_55de1ea0190315.86128818.png".' in /private/var/www/yii/framework/web/CWebApplication.php:286
Stack trace:
#0 /private/var/www/yii/framework/web/CWebApplication.php(141): CWebApplication->runController('userimages/priz...')
#1 /private/var/www/yii/framework/base/CApplication.php(185): CWebApplication->processRequest()
#2 /Users/krishnanaladi/Sites/laliga/index.php(17): CApplication->run()
#3 {main}
REQUEST_URI=/userimages/prize_55de1ea0190315.86128818.png
HTTP_REFERER=http://kris.laliga.youtoo.dev/redeem
---
2017/06/05 02:25:08 [error] [exception.CHttpException.404] exception 'CHttpException' with message 'Unable to resolve the request "userimages/prize_55de1ea0190315.86128818.png".' in /private/var/www/yii/framework/web/CWebApplication.php:286
Stack trace:
#0 /private/var/www/yii/framework/web/CWebApplication.php(141): CWebApplication->runController('userimages/priz...')
#1 /private/var/www/yii/framework/base/CApplication.php(185): CWebApplication->processRequest()
#2 /Users/krishnanaladi/Sites/laliga/index.php(17): CApplication->run()
#3 {main}
REQUEST_URI=/userimages/prize_55de1ea0190315.86128818.png
HTTP_REFERER=http://kris.laliga.youtoo.dev/redeem
---
2017/06/05 02:25:08 [error] [exception.CHttpException.404] exception 'CHttpException' with message 'Unable to resolve the request "userimages/prize_55ae9cd4032cd1.27276306.png".' in /private/var/www/yii/framework/web/CWebApplication.php:286
Stack trace:
#0 /private/var/www/yii/framework/web/CWebApplication.php(141): CWebApplication->runController('userimages/priz...')
#1 /private/var/www/yii/framework/base/CApplication.php(185): CWebApplication->processRequest()
#2 /Users/krishnanaladi/Sites/laliga/index.php(17): CApplication->run()
#3 {main}
REQUEST_URI=/userimages/prize_55ae9cd4032cd1.27276306.png
HTTP_REFERER=http://kris.laliga.youtoo.dev/redeem
---
2017/06/05 02:25:08 [error] [exception.CHttpException.404] exception 'CHttpException' with message 'Unable to resolve the request "userimages/prize_55ae9cd4032cd1.27276306.png".' in /private/var/www/yii/framework/web/CWebApplication.php:286
Stack trace:
#0 /private/var/www/yii/framework/web/CWebApplication.php(141): CWebApplication->runController('userimages/priz...')
#1 /private/var/www/yii/framework/base/CApplication.php(185): CWebApplication->processRequest()
#2 /Users/krishnanaladi/Sites/laliga/index.php(17): CApplication->run()
#3 {main}
REQUEST_URI=/userimages/prize_55ae9cd4032cd1.27276306.png
HTTP_REFERER=http://kris.laliga.youtoo.dev/redeem
---
2017/06/05 02:25:08 [error] [exception.CHttpException.404] exception 'CHttpException' with message 'Unable to resolve the request "userimages/prize_561bc92c27eb92.71392546.png".' in /private/var/www/yii/framework/web/CWebApplication.php:286
Stack trace:
#0 /private/var/www/yii/framework/web/CWebApplication.php(141): CWebApplication->runController('userimages/priz...')
#1 /private/var/www/yii/framework/base/CApplication.php(185): CWebApplication->processRequest()
#2 /Users/krishnanaladi/Sites/laliga/index.php(17): CApplication->run()
#3 {main}
REQUEST_URI=/userimages/prize_561bc92c27eb92.71392546.png
HTTP_REFERER=http://kris.laliga.youtoo.dev/redeem
---
2017/06/05 02:25:08 [error] [exception.CHttpException.404] exception 'CHttpException' with message 'Unable to resolve the request "userimages/prize_561bc92c27eb92.71392546.png".' in /private/var/www/yii/framework/web/CWebApplication.php:286
Stack trace:
#0 /private/var/www/yii/framework/web/CWebApplication.php(141): CWebApplication->runController('userimages/priz...')
#1 /private/var/www/yii/framework/base/CApplication.php(185): CWebApplication->processRequest()
#2 /Users/krishnanaladi/Sites/laliga/index.php(17): CApplication->run()
#3 {main}
REQUEST_URI=/userimages/prize_561bc92c27eb92.71392546.png
HTTP_REFERER=http://kris.laliga.youtoo.dev/redeem
---
2017/06/05 02:25:08 [error] [exception.CHttpException.404] exception 'CHttpException' with message 'Unable to resolve the request "userimages/prize_561bc938099052.37206496.png".' in /private/var/www/yii/framework/web/CWebApplication.php:286
Stack trace:
#0 /private/var/www/yii/framework/web/CWebApplication.php(141): CWebApplication->runController('userimages/priz...')
#1 /private/var/www/yii/framework/base/CApplication.php(185): CWebApplication->processRequest()
#2 /Users/krishnanaladi/Sites/laliga/index.php(17): CApplication->run()
#3 {main}
REQUEST_URI=/userimages/prize_561bc938099052.37206496.png
HTTP_REFERER=http://kris.laliga.youtoo.dev/redeem
---
2017/06/05 02:25:08 [error] [exception.CHttpException.404] exception 'CHttpException' with message 'Unable to resolve the request "userimages/prize_561bc938099052.37206496.png".' in /private/var/www/yii/framework/web/CWebApplication.php:286
Stack trace:
#0 /private/var/www/yii/framework/web/CWebApplication.php(141): CWebApplication->runController('userimages/priz...')
#1 /private/var/www/yii/framework/base/CApplication.php(185): CWebApplication->processRequest()
#2 /Users/krishnanaladi/Sites/laliga/index.php(17): CApplication->run()
#3 {main}
REQUEST_URI=/userimages/prize_561bc938099052.37206496.png
HTTP_REFERER=http://kris.laliga.youtoo.dev/redeem
---
2017/06/05 02:25:08 [error] [exception.CHttpException.404] exception 'CHttpException' with message 'Unable to resolve the request "userimages/prize_561bc9229748a6.90037141.png".' in /private/var/www/yii/framework/web/CWebApplication.php:286
Stack trace:
#0 /private/var/www/yii/framework/web/CWebApplication.php(141): CWebApplication->runController('userimages/priz...')
#1 /private/var/www/yii/framework/base/CApplication.php(185): CWebApplication->processRequest()
#2 /Users/krishnanaladi/Sites/laliga/index.php(17): CApplication->run()
#3 {main}
REQUEST_URI=/userimages/prize_561bc9229748a6.90037141.png
HTTP_REFERER=http://kris.laliga.youtoo.dev/redeem
---
2017/06/05 02:25:08 [error] [exception.CHttpException.404] exception 'CHttpException' with message 'Unable to resolve the request "userimages/prize_561bc9229748a6.90037141.png".' in /private/var/www/yii/framework/web/CWebApplication.php:286
Stack trace:
#0 /private/var/www/yii/framework/web/CWebApplication.php(141): CWebApplication->runController('userimages/priz...')
#1 /private/var/www/yii/framework/base/CApplication.php(185): CWebApplication->processRequest()
#2 /Users/krishnanaladi/Sites/laliga/index.php(17): CApplication->run()
#3 {main}
REQUEST_URI=/userimages/prize_561bc9229748a6.90037141.png
HTTP_REFERER=http://kris.laliga.youtoo.dev/redeem
---
2017/06/05 02:25:08 [error] [exception.CHttpException.404] exception 'CHttpException' with message 'Unable to resolve the request "userimages/prize_561bc8ef080218.83172702.png".' in /private/var/www/yii/framework/web/CWebApplication.php:286
Stack trace:
#0 /private/var/www/yii/framework/web/CWebApplication.php(141): CWebApplication->runController('userimages/priz...')
#1 /private/var/www/yii/framework/base/CApplication.php(185): CWebApplication->processRequest()
#2 /Users/krishnanaladi/Sites/laliga/index.php(17): CApplication->run()
#3 {main}
REQUEST_URI=/userimages/prize_561bc8ef080218.83172702.png
HTTP_REFERER=http://kris.laliga.youtoo.dev/redeem
---
2017/06/05 02:25:08 [error] [exception.CHttpException.404] exception 'CHttpException' with message 'Unable to resolve the request "userimages/prize_561bc8ef080218.83172702.png".' in /private/var/www/yii/framework/web/CWebApplication.php:286
Stack trace:
#0 /private/var/www/yii/framework/web/CWebApplication.php(141): CWebApplication->runController('userimages/priz...')
#1 /private/var/www/yii/framework/base/CApplication.php(185): CWebApplication->processRequest()
#2 /Users/krishnanaladi/Sites/laliga/index.php(17): CApplication->run()
#3 {main}
REQUEST_URI=/userimages/prize_561bc8ef080218.83172702.png
HTTP_REFERER=http://kris.laliga.youtoo.dev/redeem
---
2017/06/05 02:25:08 [error] [exception.CHttpException.404] exception 'CHttpException' with message 'Unable to resolve the request "userimages/prize_561bc9078a1591.86162616.png".' in /private/var/www/yii/framework/web/CWebApplication.php:286
Stack trace:
#0 /private/var/www/yii/framework/web/CWebApplication.php(141): CWebApplication->runController('userimages/priz...')
#1 /private/var/www/yii/framework/base/CApplication.php(185): CWebApplication->processRequest()
#2 /Users/krishnanaladi/Sites/laliga/index.php(17): CApplication->run()
#3 {main}
REQUEST_URI=/userimages/prize_561bc9078a1591.86162616.png
HTTP_REFERER=http://kris.laliga.youtoo.dev/redeem
---
2017/06/05 02:25:08 [error] [exception.CHttpException.404] exception 'CHttpException' with message 'Unable to resolve the request "userimages/prize_561bc9078a1591.86162616.png".' in /private/var/www/yii/framework/web/CWebApplication.php:286
Stack trace:
#0 /private/var/www/yii/framework/web/CWebApplication.php(141): CWebApplication->runController('userimages/priz...')
#1 /private/var/www/yii/framework/base/CApplication.php(185): CWebApplication->processRequest()
#2 /Users/krishnanaladi/Sites/laliga/index.php(17): CApplication->run()
#3 {main}
REQUEST_URI=/userimages/prize_561bc9078a1591.86162616.png
HTTP_REFERER=http://kris.laliga.youtoo.dev/redeem
---
2017/06/05 02:25:08 [error] [exception.CHttpException.404] exception 'CHttpException' with message 'Unable to resolve the request "userimages/prize_561bc8f9235637.09420332.png".' in /private/var/www/yii/framework/web/CWebApplication.php:286
Stack trace:
#0 /private/var/www/yii/framework/web/CWebApplication.php(141): CWebApplication->runController('userimages/priz...')
#1 /private/var/www/yii/framework/base/CApplication.php(185): CWebApplication->processRequest()
#2 /Users/krishnanaladi/Sites/laliga/index.php(17): CApplication->run()
#3 {main}
REQUEST_URI=/userimages/prize_561bc8f9235637.09420332.png
HTTP_REFERER=http://kris.laliga.youtoo.dev/redeem
---
2017/06/05 02:25:08 [error] [exception.CHttpException.404] exception 'CHttpException' with message 'Unable to resolve the request "userimages/prize_561bc8f9235637.09420332.png".' in /private/var/www/yii/framework/web/CWebApplication.php:286
Stack trace:
#0 /private/var/www/yii/framework/web/CWebApplication.php(141): CWebApplication->runController('userimages/priz...')
#1 /private/var/www/yii/framework/base/CApplication.php(185): CWebApplication->processRequest()
#2 /Users/krishnanaladi/Sites/laliga/index.php(17): CApplication->run()
#3 {main}
REQUEST_URI=/userimages/prize_561bc8f9235637.09420332.png
HTTP_REFERER=http://kris.laliga.youtoo.dev/redeem
---
2017/06/05 02:25:08 [error] [exception.CHttpException.404] exception 'CHttpException' with message 'Unable to resolve the request "userimages/prize_55de1ea0190315.86128818.png".' in /private/var/www/yii/framework/web/CWebApplication.php:286
Stack trace:
#0 /private/var/www/yii/framework/web/CWebApplication.php(141): CWebApplication->runController('userimages/priz...')
#1 /private/var/www/yii/framework/base/CApplication.php(185): CWebApplication->processRequest()
#2 /Users/krishnanaladi/Sites/laliga/index.php(17): CApplication->run()
#3 {main}
REQUEST_URI=/userimages/prize_55de1ea0190315.86128818.png
HTTP_REFERER=http://kris.laliga.youtoo.dev/redeem
---
2017/06/05 02:25:08 [error] [exception.CHttpException.404] exception 'CHttpException' with message 'Unable to resolve the request "userimages/prize_55de1ea0190315.86128818.png".' in /private/var/www/yii/framework/web/CWebApplication.php:286
Stack trace:
#0 /private/var/www/yii/framework/web/CWebApplication.php(141): CWebApplication->runController('userimages/priz...')
#1 /private/var/www/yii/framework/base/CApplication.php(185): CWebApplication->processRequest()
#2 /Users/krishnanaladi/Sites/laliga/index.php(17): CApplication->run()
#3 {main}
REQUEST_URI=/userimages/prize_55de1ea0190315.86128818.png
HTTP_REFERER=http://kris.laliga.youtoo.dev/redeem
---
2017/06/05 02:25:25 [error] [exception.CHttpException.404] exception 'CHttpException' with message 'Unable to resolve the request "userimages/prize_561bc938099052.37206496.png".' in /private/var/www/yii/framework/web/CWebApplication.php:286
Stack trace:
#0 /private/var/www/yii/framework/web/CWebApplication.php(141): CWebApplication->runController('userimages/priz...')
#1 /private/var/www/yii/framework/base/CApplication.php(185): CWebApplication->processRequest()
#2 /Users/krishnanaladi/Sites/laliga/index.php(17): CApplication->run()
#3 {main}
REQUEST_URI=/userimages/prize_561bc938099052.37206496.png
HTTP_REFERER=http://kris.laliga.youtoo.dev/redeem
---
2017/06/05 02:25:25 [error] [exception.CHttpException.404] exception 'CHttpException' with message 'Unable to resolve the request "userimages/prize_561bc938099052.37206496.png".' in /private/var/www/yii/framework/web/CWebApplication.php:286
Stack trace:
#0 /private/var/www/yii/framework/web/CWebApplication.php(141): CWebApplication->runController('userimages/priz...')
#1 /private/var/www/yii/framework/base/CApplication.php(185): CWebApplication->processRequest()
#2 /Users/krishnanaladi/Sites/laliga/index.php(17): CApplication->run()
#3 {main}
REQUEST_URI=/userimages/prize_561bc938099052.37206496.png
HTTP_REFERER=http://kris.laliga.youtoo.dev/redeem
---
2017/06/05 02:25:25 [error] [exception.CHttpException.404] exception 'CHttpException' with message 'Unable to resolve the request "userimages/prize_561bc92c27eb92.71392546.png".' in /private/var/www/yii/framework/web/CWebApplication.php:286
Stack trace:
#0 /private/var/www/yii/framework/web/CWebApplication.php(141): CWebApplication->runController('userimages/priz...')
#1 /private/var/www/yii/framework/base/CApplication.php(185): CWebApplication->processRequest()
#2 /Users/krishnanaladi/Sites/laliga/index.php(17): CApplication->run()
#3 {main}
REQUEST_URI=/userimages/prize_561bc92c27eb92.71392546.png
HTTP_REFERER=http://kris.laliga.youtoo.dev/redeem
---
2017/06/05 02:25:25 [error] [exception.CHttpException.404] exception 'CHttpException' with message 'Unable to resolve the request "userimages/prize_561bc92c27eb92.71392546.png".' in /private/var/www/yii/framework/web/CWebApplication.php:286
Stack trace:
#0 /private/var/www/yii/framework/web/CWebApplication.php(141): CWebApplication->runController('userimages/priz...')
#1 /private/var/www/yii/framework/base/CApplication.php(185): CWebApplication->processRequest()
#2 /Users/krishnanaladi/Sites/laliga/index.php(17): CApplication->run()
#3 {main}
REQUEST_URI=/userimages/prize_561bc92c27eb92.71392546.png
HTTP_REFERER=http://kris.laliga.youtoo.dev/redeem
---
2017/06/05 02:25:25 [error] [exception.CHttpException.404] exception 'CHttpException' with message 'Unable to resolve the request "userimages/prize_561bc9229748a6.90037141.png".' in /private/var/www/yii/framework/web/CWebApplication.php:286
Stack trace:
#0 /private/var/www/yii/framework/web/CWebApplication.php(141): CWebApplication->runController('userimages/priz...')
#1 /private/var/www/yii/framework/base/CApplication.php(185): CWebApplication->processRequest()
#2 /Users/krishnanaladi/Sites/laliga/index.php(17): CApplication->run()
#3 {main}
REQUEST_URI=/userimages/prize_561bc9229748a6.90037141.png
HTTP_REFERER=http://kris.laliga.youtoo.dev/redeem
---
2017/06/05 02:25:25 [error] [exception.CHttpException.404] exception 'CHttpException' with message 'Unable to resolve the request "userimages/prize_561bc9229748a6.90037141.png".' in /private/var/www/yii/framework/web/CWebApplication.php:286
Stack trace:
#0 /private/var/www/yii/framework/web/CWebApplication.php(141): CWebApplication->runController('userimages/priz...')
#1 /private/var/www/yii/framework/base/CApplication.php(185): CWebApplication->processRequest()
#2 /Users/krishnanaladi/Sites/laliga/index.php(17): CApplication->run()
#3 {main}
REQUEST_URI=/userimages/prize_561bc9229748a6.90037141.png
HTTP_REFERER=http://kris.laliga.youtoo.dev/redeem
---
2017/06/05 02:25:25 [error] [exception.CHttpException.404] exception 'CHttpException' with message 'Unable to resolve the request "userimages/prize_561bc9078a1591.86162616.png".' in /private/var/www/yii/framework/web/CWebApplication.php:286
Stack trace:
#0 /private/var/www/yii/framework/web/CWebApplication.php(141): CWebApplication->runController('userimages/priz...')
#1 /private/var/www/yii/framework/base/CApplication.php(185): CWebApplication->processRequest()
#2 /Users/krishnanaladi/Sites/laliga/index.php(17): CApplication->run()
#3 {main}
REQUEST_URI=/userimages/prize_561bc9078a1591.86162616.png
HTTP_REFERER=http://kris.laliga.youtoo.dev/redeem
---
2017/06/05 02:25:25 [error] [exception.CHttpException.404] exception 'CHttpException' with message 'Unable to resolve the request "userimages/prize_561bc9078a1591.86162616.png".' in /private/var/www/yii/framework/web/CWebApplication.php:286
Stack trace:
#0 /private/var/www/yii/framework/web/CWebApplication.php(141): CWebApplication->runController('userimages/priz...')
#1 /private/var/www/yii/framework/base/CApplication.php(185): CWebApplication->processRequest()
#2 /Users/krishnanaladi/Sites/laliga/index.php(17): CApplication->run()
#3 {main}
REQUEST_URI=/userimages/prize_561bc9078a1591.86162616.png
HTTP_REFERER=http://kris.laliga.youtoo.dev/redeem
---
2017/06/05 02:25:25 [error] [exception.CHttpException.404] exception 'CHttpException' with message 'Unable to resolve the request "userimages/prize_561bc8f9235637.09420332.png".' in /private/var/www/yii/framework/web/CWebApplication.php:286
Stack trace:
#0 /private/var/www/yii/framework/web/CWebApplication.php(141): CWebApplication->runController('userimages/priz...')
#1 /private/var/www/yii/framework/base/CApplication.php(185): CWebApplication->processRequest()
#2 /Users/krishnanaladi/Sites/laliga/index.php(17): CApplication->run()
#3 {main}
REQUEST_URI=/userimages/prize_561bc8f9235637.09420332.png
HTTP_REFERER=http://kris.laliga.youtoo.dev/redeem
---
2017/06/05 02:25:25 [error] [exception.CHttpException.404] exception 'CHttpException' with message 'Unable to resolve the request "userimages/prize_561bc8f9235637.09420332.png".' in /private/var/www/yii/framework/web/CWebApplication.php:286
Stack trace:
#0 /private/var/www/yii/framework/web/CWebApplication.php(141): CWebApplication->runController('userimages/priz...')
#1 /private/var/www/yii/framework/base/CApplication.php(185): CWebApplication->processRequest()
#2 /Users/krishnanaladi/Sites/laliga/index.php(17): CApplication->run()
#3 {main}
REQUEST_URI=/userimages/prize_561bc8f9235637.09420332.png
HTTP_REFERER=http://kris.laliga.youtoo.dev/redeem
---
2017/06/05 02:25:25 [error] [exception.CHttpException.404] exception 'CHttpException' with message 'Unable to resolve the request "userimages/prize_561bc8ef080218.83172702.png".' in /private/var/www/yii/framework/web/CWebApplication.php:286
Stack trace:
#0 /private/var/www/yii/framework/web/CWebApplication.php(141): CWebApplication->runController('userimages/priz...')
#1 /private/var/www/yii/framework/base/CApplication.php(185): CWebApplication->processRequest()
#2 /Users/krishnanaladi/Sites/laliga/index.php(17): CApplication->run()
#3 {main}
REQUEST_URI=/userimages/prize_561bc8ef080218.83172702.png
HTTP_REFERER=http://kris.laliga.youtoo.dev/redeem
---
2017/06/05 02:25:25 [error] [exception.CHttpException.404] exception 'CHttpException' with message 'Unable to resolve the request "userimages/prize_561bc8ef080218.83172702.png".' in /private/var/www/yii/framework/web/CWebApplication.php:286
Stack trace:
#0 /private/var/www/yii/framework/web/CWebApplication.php(141): CWebApplication->runController('userimages/priz...')
#1 /private/var/www/yii/framework/base/CApplication.php(185): CWebApplication->processRequest()
#2 /Users/krishnanaladi/Sites/laliga/index.php(17): CApplication->run()
#3 {main}
REQUEST_URI=/userimages/prize_561bc8ef080218.83172702.png
HTTP_REFERER=http://kris.laliga.youtoo.dev/redeem
---
2017/06/05 02:25:25 [error] [exception.CHttpException.404] exception 'CHttpException' with message 'Unable to resolve the request "userimages/prize_55de1ea0190315.86128818.png".' in /private/var/www/yii/framework/web/CWebApplication.php:286
Stack trace:
#0 /private/var/www/yii/framework/web/CWebApplication.php(141): CWebApplication->runController('userimages/priz...')
#1 /private/var/www/yii/framework/base/CApplication.php(185): CWebApplication->processRequest()
#2 /Users/krishnanaladi/Sites/laliga/index.php(17): CApplication->run()
#3 {main}
REQUEST_URI=/userimages/prize_55de1ea0190315.86128818.png
HTTP_REFERER=http://kris.laliga.youtoo.dev/redeem
---
2017/06/05 02:25:25 [error] [exception.CHttpException.404] exception 'CHttpException' with message 'Unable to resolve the request "userimages/prize_55de1ea0190315.86128818.png".' in /private/var/www/yii/framework/web/CWebApplication.php:286
Stack trace:
#0 /private/var/www/yii/framework/web/CWebApplication.php(141): CWebApplication->runController('userimages/priz...')
#1 /private/var/www/yii/framework/base/CApplication.php(185): CWebApplication->processRequest()
#2 /Users/krishnanaladi/Sites/laliga/index.php(17): CApplication->run()
#3 {main}
REQUEST_URI=/userimages/prize_55de1ea0190315.86128818.png
HTTP_REFERER=http://kris.laliga.youtoo.dev/redeem
---
2017/06/05 02:25:25 [error] [exception.CHttpException.404] exception 'CHttpException' with message 'Unable to resolve the request "userimages/prize_55ae9cd4032cd1.27276306.png".' in /private/var/www/yii/framework/web/CWebApplication.php:286
Stack trace:
#0 /private/var/www/yii/framework/web/CWebApplication.php(141): CWebApplication->runController('userimages/priz...')
#1 /private/var/www/yii/framework/base/CApplication.php(185): CWebApplication->processRequest()
#2 /Users/krishnanaladi/Sites/laliga/index.php(17): CApplication->run()
#3 {main}
REQUEST_URI=/userimages/prize_55ae9cd4032cd1.27276306.png
HTTP_REFERER=http://kris.laliga.youtoo.dev/redeem
---
2017/06/05 02:25:25 [error] [exception.CHttpException.404] exception 'CHttpException' with message 'Unable to resolve the request "userimages/prize_55ae9cd4032cd1.27276306.png".' in /private/var/www/yii/framework/web/CWebApplication.php:286
Stack trace:
#0 /private/var/www/yii/framework/web/CWebApplication.php(141): CWebApplication->runController('userimages/priz...')
#1 /private/var/www/yii/framework/base/CApplication.php(185): CWebApplication->processRequest()
#2 /Users/krishnanaladi/Sites/laliga/index.php(17): CApplication->run()
#3 {main}
REQUEST_URI=/userimages/prize_55ae9cd4032cd1.27276306.png
HTTP_REFERER=http://kris.laliga.youtoo.dev/redeem
---
2017/06/05 02:25:25 [error] [exception.CHttpException.404] exception 'CHttpException' with message 'Unable to resolve the request "userimages/prize_561bc938099052.37206496.png".' in /private/var/www/yii/framework/web/CWebApplication.php:286
Stack trace:
#0 /private/var/www/yii/framework/web/CWebApplication.php(141): CWebApplication->runController('userimages/priz...')
#1 /private/var/www/yii/framework/base/CApplication.php(185): CWebApplication->processRequest()
#2 /Users/krishnanaladi/Sites/laliga/index.php(17): CApplication->run()
#3 {main}
REQUEST_URI=/userimages/prize_561bc938099052.37206496.png
HTTP_REFERER=http://kris.laliga.youtoo.dev/redeem
---
2017/06/05 02:25:25 [error] [exception.CHttpException.404] exception 'CHttpException' with message 'Unable to resolve the request "userimages/prize_561bc938099052.37206496.png".' in /private/var/www/yii/framework/web/CWebApplication.php:286
Stack trace:
#0 /private/var/www/yii/framework/web/CWebApplication.php(141): CWebApplication->runController('userimages/priz...')
#1 /private/var/www/yii/framework/base/CApplication.php(185): CWebApplication->processRequest()
#2 /Users/krishnanaladi/Sites/laliga/index.php(17): CApplication->run()
#3 {main}
REQUEST_URI=/userimages/prize_561bc938099052.37206496.png
HTTP_REFERER=http://kris.laliga.youtoo.dev/redeem
---
2017/06/05 02:25:25 [error] [exception.CHttpException.404] exception 'CHttpException' with message 'Unable to resolve the request "userimages/prize_561bc9229748a6.90037141.png".' in /private/var/www/yii/framework/web/CWebApplication.php:286
Stack trace:
#0 /private/var/www/yii/framework/web/CWebApplication.php(141): CWebApplication->runController('userimages/priz...')
#1 /private/var/www/yii/framework/base/CApplication.php(185): CWebApplication->processRequest()
#2 /Users/krishnanaladi/Sites/laliga/index.php(17): CApplication->run()
#3 {main}
REQUEST_URI=/userimages/prize_561bc9229748a6.90037141.png
HTTP_REFERER=http://kris.laliga.youtoo.dev/redeem
---
2017/06/05 02:25:25 [error] [exception.CHttpException.404] exception 'CHttpException' with message 'Unable to resolve the request "userimages/prize_561bc9229748a6.90037141.png".' in /private/var/www/yii/framework/web/CWebApplication.php:286
Stack trace:
#0 /private/var/www/yii/framework/web/CWebApplication.php(141): CWebApplication->runController('userimages/priz...')
#1 /private/var/www/yii/framework/base/CApplication.php(185): CWebApplication->processRequest()
#2 /Users/krishnanaladi/Sites/laliga/index.php(17): CApplication->run()
#3 {main}
REQUEST_URI=/userimages/prize_561bc9229748a6.90037141.png
HTTP_REFERER=http://kris.laliga.youtoo.dev/redeem
---
2017/06/05 02:25:25 [error] [exception.CHttpException.404] exception 'CHttpException' with message 'Unable to resolve the request "userimages/prize_561bc9078a1591.86162616.png".' in /private/var/www/yii/framework/web/CWebApplication.php:286
Stack trace:
#0 /private/var/www/yii/framework/web/CWebApplication.php(141): CWebApplication->runController('userimages/priz...')
#1 /private/var/www/yii/framework/base/CApplication.php(185): CWebApplication->processRequest()
#2 /Users/krishnanaladi/Sites/laliga/index.php(17): CApplication->run()
#3 {main}
REQUEST_URI=/userimages/prize_561bc9078a1591.86162616.png
HTTP_REFERER=http://kris.laliga.youtoo.dev/redeem
---
2017/06/05 02:25:25 [error] [exception.CHttpException.404] exception 'CHttpException' with message 'Unable to resolve the request "userimages/prize_561bc9078a1591.86162616.png".' in /private/var/www/yii/framework/web/CWebApplication.php:286
Stack trace:
#0 /private/var/www/yii/framework/web/CWebApplication.php(141): CWebApplication->runController('userimages/priz...')
#1 /private/var/www/yii/framework/base/CApplication.php(185): CWebApplication->processRequest()
#2 /Users/krishnanaladi/Sites/laliga/index.php(17): CApplication->run()
#3 {main}
REQUEST_URI=/userimages/prize_561bc9078a1591.86162616.png
HTTP_REFERER=http://kris.laliga.youtoo.dev/redeem
---
2017/06/05 02:25:25 [error] [exception.CHttpException.404] exception 'CHttpException' with message 'Unable to resolve the request "userimages/prize_561bc92c27eb92.71392546.png".' in /private/var/www/yii/framework/web/CWebApplication.php:286
Stack trace:
#0 /private/var/www/yii/framework/web/CWebApplication.php(141): CWebApplication->runController('userimages/priz...')
#1 /private/var/www/yii/framework/base/CApplication.php(185): CWebApplication->processRequest()
#2 /Users/krishnanaladi/Sites/laliga/index.php(17): CApplication->run()
#3 {main}
REQUEST_URI=/userimages/prize_561bc92c27eb92.71392546.png
HTTP_REFERER=http://kris.laliga.youtoo.dev/redeem
---
2017/06/05 02:25:25 [error] [exception.CHttpException.404] exception 'CHttpException' with message 'Unable to resolve the request "userimages/prize_561bc92c27eb92.71392546.png".' in /private/var/www/yii/framework/web/CWebApplication.php:286
Stack trace:
#0 /private/var/www/yii/framework/web/CWebApplication.php(141): CWebApplication->runController('userimages/priz...')
#1 /private/var/www/yii/framework/base/CApplication.php(185): CWebApplication->processRequest()
#2 /Users/krishnanaladi/Sites/laliga/index.php(17): CApplication->run()
#3 {main}
REQUEST_URI=/userimages/prize_561bc92c27eb92.71392546.png
HTTP_REFERER=http://kris.laliga.youtoo.dev/redeem
---
